# JRE version: Java(TM) SE Runtime Environment (8.0_171-b11) (build 1.8.0_171-b11)
# Java VM: Java HotSpot(TM) 64-Bit Server VM (25.171-b11 mixed mode windows-amd64 compressed oops)
Heap:
 PSYoungGen      total 223744K, used 181434K [0x0000000716a00000, 0x000000072d200000, 0x00000007c0000000)
  eden space 202240K, 89% used [0x0000000716a00000,0x0000000721b2e8f0,0x0000000722f80000)
  from space 21504K, 0% used [0x0000000722f80000,0x0000000722f80000,0x0000000724480000)
  to   space 13312K, 0% used [0x000000072c500000,0x000000072c500000,0x000000072d200000)
 ParOldGen       total 199168K, used 17337K [0x00000005c3e00000, 0x00000005d0080000, 0x0000000716a00000)
  object space 199168K, 8% used [0x00000005c3e00000,0x00000005c4eee7c8,0x00000005d0080000)
 Metaspace       used 39110K, capacity 41196K, committed 41472K, reserved 1087488K
  class space    used 5413K, capacity 5824K, committed 5888K, reserved 1048576K
GC Heap History (10 events):
Event: 3.096 GC heap before
{Heap before GC invocations=3 (full 1):
 PSYoungGen      total 152576K, used 9542K [0x0000000716a00000, 0x0000000721400000, 0x00000007c0000000)
  eden space 131072K, 0% used [0x0000000716a00000,0x0000000716a00000,0x000000071ea00000)
  from space 21504K, 44% used [0x000000071ff00000,0x0000000720851850,0x0000000721400000)
  to   space 21504K, 0% used [0x000000071ea00000,0x000000071ea00000,0x000000071ff00000)
 ParOldGen       total 348160K, used 96K [0x00000005c3e00000, 0x00000005d9200000, 0x0000000716a00000)
  object space 348160K, 0% used [0x00000005c3e00000,0x00000005c3e18010,0x00000005d9200000)
 Metaspace       used 20455K, capacity 21196K, committed 21296K, reserved 1067008K
  class space    used 2702K, capacity 2890K, committed 2944K, reserved 1048576K
Event: 3.130 GC heap after
Heap after GC invocations=3 (full 1):
 PSYoungGen      total 152576K, used 0K [0x0000000716a00000, 0x0000000721400000, 0x00000007c0000000)
  eden space 131072K, 0% used [0x0000000716a00000,0x0000000716a00000,0x000000071ea00000)
  from space 21504K, 0% used [0x000000071ff00000,0x000000071ff00000,0x0000000721400000)
  to   space 21504K, 0% used [0x000000071ea00000,0x000000071ea00000,0x000000071ff00000)
 ParOldGen       total 199168K, used 9085K [0x00000005c3e00000, 0x00000005d0080000, 0x0000000716a00000)
  object space 199168K, 4% used [0x00000005c3e00000,0x00000005c46df428,0x00000005d0080000)
 Metaspace       used 20455K, capacity 21196K, committed 21296K, reserved 1067008K
  class space    used 2702K, capacity 2890K, committed 2944K, reserved 1048576K
}
Event: 5.697 GC heap before
{Heap before GC invocations=4 (full 1):
 PSYoungGen      total 152576K, used 131072K [0x0000000716a00000, 0x0000000721400000, 0x00000007c0000000)
  eden space 131072K, 100% used [0x0000000716a00000,0x000000071ea00000,0x000000071ea00000)
  from space 21504K, 0% used [0x000000071ff00000,0x000000071ff00000,0x0000000721400000)
  to   space 21504K, 0% used [0x000000071ea00000,0x000000071ea00000,0x000000071ff00000)
 ParOldGen       total 199168K, used 9085K [0x00000005c3e00000, 0x00000005d0080000, 0x0000000716a00000)
  object space 199168K, 4% used [0x00000005c3e00000,0x00000005c46df428,0x00000005d0080000)
 Metaspace       used 27117K, capacity 28248K, committed 28288K, reserved 1073152K
  class space    used 3687K, capacity 3954K, committed 3968K, reserved 1048576K
Event: 5.733 GC heap after
Heap after GC invocations=4 (full 1):
 PSYoungGen      total 152576K, used 8927K [0x0000000716a00000, 0x0000000725b80000, 0x00000007c0000000)
  eden space 131072K, 0% used [0x0000000716a00000,0x0000000716a00000,0x000000071ea00000)
  from space 21504K, 41% used [0x000000071ea00000,0x000000071f2b7c78,0x000000071ff00000)
  to   space 21504K, 0% used [0x0000000724680000,0x0000000724680000,0x0000000725b80000)
 ParOldGen       total 199168K, used 9093K [0x00000005c3e00000, 0x00000005d0080000, 0x0000000716a00000)
  object space 199168K, 4% used [0x00000005c3e00000,0x00000005c46e1428,0x00000005d0080000)
 Metaspace       used 27117K, capacity 28248K, committed 28288K, reserved 1073152K
  class space    used 3687K, capacity 3954K, committed 3968K, reserved 1048576K
}
Event: 6.849 GC heap before
{Heap before GC invocations=5 (full 1):
 PSYoungGen      total 152576K, used 139999K [0x0000000716a00000, 0x0000000725b80000, 0x00000007c0000000)
  eden space 131072K, 100% used [0x0000000716a00000,0x000000071ea00000,0x000000071ea00000)
  from space 21504K, 41% used [0x000000071ea00000,0x000000071f2b7c78,0x000000071ff00000)
  to   space 21504K, 0% used [0x0000000724680000,0x0000000724680000,0x0000000725b80000)
 ParOldGen       total 199168K, used 9093K [0x00000005c3e00000, 0x00000005d0080000, 0x0000000716a00000)
  object space 199168K, 4% used [0x00000005c3e00000,0x00000005c46e1428,0x00000005d0080000)
 Metaspace       used 29885K, capacity 31232K, committed 31360K, reserved 1077248K
  class space    used 4114K, capacity 4406K, committed 4480K, reserved 1048576K
Event: 6.861 GC heap after
Heap after GC invocations=5 (full 1):
 PSYoungGen      total 221696K, used 12344K [0x0000000716a00000, 0x0000000725980000, 0x00000007c0000000)
  eden space 202240K, 0% used [0x0000000716a00000,0x0000000716a00000,0x0000000722f80000)
  from space 19456K, 63% used [0x0000000724680000,0x000000072528e2c8,0x0000000725980000)
  to   space 21504K, 0% used [0x0000000722f80000,0x0000000722f80000,0x0000000724480000)
 ParOldGen       total 199168K, used 9101K [0x00000005c3e00000, 0x00000005d0080000, 0x0000000716a00000)
  object space 199168K, 4% used [0x00000005c3e00000,0x00000005c46e3428,0x00000005d0080000)
 Metaspace       used 29885K, capacity 31232K, committed 31360K, reserved 1077248K
  class space    used 4114K, capacity 4406K, committed 4480K, reserved 1048576K
}
Event: 7.903 GC heap before
{Heap before GC invocations=6 (full 1):
 PSYoungGen      total 221696K, used 97827K [0x0000000716a00000, 0x0000000725980000, 0x00000007c0000000)
  eden space 202240K, 42% used [0x0000000716a00000,0x000000071bd7ac90,0x0000000722f80000)
  from space 19456K, 63% used [0x0000000724680000,0x000000072528e2c8,0x0000000725980000)
  to   space 21504K, 0% used [0x0000000722f80000,0x0000000722f80000,0x0000000724480000)
 ParOldGen       total 199168K, used 9101K [0x00000005c3e00000, 0x00000005d0080000, 0x0000000716a00000)
  object space 199168K, 4% used [0x00000005c3e00000,0x00000005c46e3428,0x00000005d0080000)
 Metaspace       used 33617K, capacity 35390K, committed 35496K, reserved 1079296K
  class space    used 4660K, capacity 5031K, committed 5120K, reserved 1048576K
Event: 7.965 GC heap after
Heap after GC invocations=6 (full 1):
 PSYoungGen      total 223744K, used 11947K [0x0000000716a00000, 0x000000072d200000, 0x00000007c0000000)
  eden space 202240K, 0% used [0x0000000716a00000,0x0000000716a00000,0x0000000722f80000)
  from space 21504K, 55% used [0x0000000722f80000,0x0000000723b2af18,0x0000000724480000)
  to   space 13312K, 0% used [0x000000072c500000,0x000000072c500000,0x000000072d200000)
 ParOldGen       total 199168K, used 9109K [0x00000005c3e00000, 0x00000005d0080000, 0x0000000716a00000)
  object space 199168K, 4% used [0x00000005c3e00000,0x00000005c46e5428,0x00000005d0080000)
 Metaspace       used 33617K, capacity 35390K, committed 35496K, reserved 1079296K
  class space    used 4660K, capacity 5031K, committed 5120K, reserved 1048576K
}
Event: 7.965 GC heap before
{Heap before GC invocations=7 (full 2):
 PSYoungGen      total 223744K, used 11947K [0x0000000716a00000, 0x000000072d200000, 0x00000007c0000000)
  eden space 202240K, 0% used [0x0000000716a00000,0x0000000716a00000,0x0000000722f80000)
  from space 21504K, 55% used [0x0000000722f80000,0x0000000723b2af18,0x0000000724480000)
  to   space 13312K, 0% used [0x000000072c500000,0x000000072c500000,0x000000072d200000)
 ParOldGen       total 199168K, used 9109K [0x00000005c3e00000, 0x00000005d0080000, 0x0000000716a00000)
  object space 199168K, 4% used [0x00000005c3e00000,0x00000005c46e5428,0x00000005d0080000)
 Metaspace       used 33617K, capacity 35390K, committed 35496K, reserved 1079296K
  class space    used 4660K, capacity 5031K, committed 5120K, reserved 1048576K
Event: 8.123 GC heap after
Heap after GC invocations=7 (full 2):
 PSYoungGen      total 223744K, used 0K [0x0000000716a00000, 0x000000072d200000, 0x00000007c0000000)
  eden space 202240K, 0% used [0x0000000716a00000,0x0000000716a00000,0x0000000722f80000)
  from space 21504K, 0% used [0x0000000722f80000,0x0000000722f80000,0x0000000724480000)
  to   space 13312K, 0% used [0x000000072c500000,0x000000072c500000,0x000000072d200000)
 ParOldGen       total 199168K, used 17337K [0x00000005c3e00000, 0x00000005d0080000, 0x0000000716a00000)
  object space 199168K, 8% used [0x00000005c3e00000,0x00000005c4eee7c8,0x00000005d0080000)
 Metaspace       used 33617K, capacity 35390K, committed 35496K, reserved 1079296K
  class space    used 4660K, capacity 5031K, committed 5120K, reserved 1048576K
}

