# JRE version: OpenJDK Runtime Environment JBR-17.0.9+7-1087.7-jcef (17.0.9+7) (build 17.0.9+7-b1087.7)
# Java VM: OpenJDK 64-Bit Server VM JBR-17.0.9+7-1087.7-jcef (17.0.9+7-b1087.7, mixed mode, tiered, compressed oops, compressed class ptrs, g1 gc, windows-amd64)
GC Precious Log:
 CPUs: 16 total, 16 available
 Memory: 32514M
 Large Page Support: Disabled
 NUMA Support: Disabled
 Compressed Oops: Enabled (32-bit)
 Heap Region Size: 1M
 Heap Min Capacity: 128M
 Heap Initial Capacity: 128M
 Heap Max Capacity: 1G
 Pre-touch: Disabled
 Parallel Workers: 13
 Concurrent Workers: 3
 Concurrent Refinement Workers: 13
 Periodic GC: Disabled
Heap:
 garbage-first heap   total 131072K, used 15356K [0x00000000c0000000, 0x0000000100000000)
  region size 1024K, 7 young (7168K), 0 survivors (0K)
 Metaspace       used 24790K, committed 25408K, reserved 1114112K
  class space    used 2573K, committed 2816K, reserved 1048576K
GC Heap History (10 events):
Event: 0.647 GC heap before
{Heap before GC invocations=0 (full 0):
 garbage-first heap   total 131072K, used 25600K [0x00000000c0000000, 0x0000000100000000)
  region size 1024K, 23 young (23552K), 0 survivors (0K)
 Metaspace       used 17695K, committed 17984K, reserved 1114112K
  class space    used 1845K, committed 1984K, reserved 1048576K
}
Event: 0.651 GC heap after
{Heap after GC invocations=1 (full 0):
 garbage-first heap   total 131072K, used 8352K [0x00000000c0000000, 0x0000000100000000)
  region size 1024K, 3 young (3072K), 3 survivors (3072K)
 Metaspace       used 17695K, committed 17984K, reserved 1114112K
  class space    used 1845K, committed 1984K, reserved 1048576K
}
Event: 0.762 GC heap before
{Heap before GC invocations=1 (full 0):
 garbage-first heap   total 131072K, used 11424K [0x00000000c0000000, 0x0000000100000000)
  region size 1024K, 7 young (7168K), 3 survivors (3072K)
 Metaspace       used 21258K, committed 21504K, reserved 1114112K
  class space    used 2285K, committed 2432K, reserved 1048576K
}
Event: 0.764 GC heap after
{Heap after GC invocations=2 (full 0):
 garbage-first heap   total 131072K, used 9149K [0x00000000c0000000, 0x0000000100000000)
  region size 1024K, 1 young (1024K), 1 survivors (1024K)
 Metaspace       used 21258K, committed 21504K, reserved 1114112K
  class space    used 2285K, committed 2432K, reserved 1048576K
}
Event: 3600.771 GC heap before
{Heap before GC invocations=3 (full 0):
 garbage-first heap   total 131072K, used 46013K [0x00000000c0000000, 0x0000000100000000)
  region size 1024K, 38 young (38912K), 1 survivors (1024K)
 Metaspace       used 24979K, committed 25408K, reserved 1114112K
  class space    used 2617K, committed 2816K, reserved 1048576K
}
Event: 3600.787 GC heap after
{Heap after GC invocations=4 (full 1):
 garbage-first heap   total 131072K, used 9891K [0x00000000c0000000, 0x0000000100000000)
  region size 1024K, 0 young (0K), 0 survivors (0K)
 Metaspace       used 24979K, committed 25408K, reserved 1114112K
  class space    used 2617K, committed 2816K, reserved 1048576K
}
Event: 7200.789 GC heap before
{Heap before GC invocations=4 (full 1):
 garbage-first heap   total 131072K, used 16035K [0x00000000c0000000, 0x0000000100000000)
  region size 1024K, 7 young (7168K), 0 survivors (0K)
 Metaspace       used 24980K, committed 25408K, reserved 1114112K
  class space    used 2617K, committed 2816K, reserved 1048576K
}
Event: 7200.864 GC heap after
{Heap after GC invocations=5 (full 2):
 garbage-first heap   total 131072K, used 9251K [0x00000000c0000000, 0x0000000100000000)
  region size 1024K, 0 young (0K), 0 survivors (0K)
 Metaspace       used 24775K, committed 25408K, reserved 1114112K
  class space    used 2573K, committed 2816K, reserved 1048576K
}
Event: 10800.865 GC heap before
{Heap before GC invocations=5 (full 2):
 garbage-first heap   total 131072K, used 15395K [0x00000000c0000000, 0x0000000100000000)
  region size 1024K, 7 young (7168K), 0 survivors (0K)
 Metaspace       used 24777K, committed 25408K, reserved 1114112K
  class space    used 2573K, committed 2816K, reserved 1048576K
}
Event: 10800.890 GC heap after
{Heap after GC invocations=6 (full 3):
 garbage-first heap   total 131072K, used 9212K [0x00000000c0000000, 0x0000000100000000)
  region size 1024K, 0 young (0K), 0 survivors (0K)
 Metaspace       used 24777K, committed 25408K, reserved 1114112K
  class space    used 2573K, committed 2816K, reserved 1048576K
}

